d:\vistuastudioproject\opengl\x64\debug\vc142.pdb
d:\vistuastudioproject\opengl\x64\debug\vc142.idb
d:\vistuastudioproject\opengl\x64\debug\model.obj
d:\vistuastudioproject\opengl\x64\debug\glad.obj
d:\vistuastudioproject\opengl\x64\debug\22geometry_shader_houses.obj
d:\vistuastudioproject\opengl\x64\debug\23instancing_quads.obj
d:\vistuastudioproject\opengl\x64\debug\23asteroids_instanced.obj
d:\vistuastudioproject\opengl\x64\debug\25advanced_lighting.obj
d:\vistuastudioproject\opengl\x64\debug\26shadow_mapping.obj
d:\vistuastudioproject\opengl\x64\debug\27pointshadows.obj
d:\vistuastudioproject\opengl\x64\debug\29normal_mapping.obj
d:\vistuastudioproject\opengl\x64\debug\30parallax_occlusion_mapping.obj
d:\vistuastudioproject\opengl\x64\debug\32bloom.obj
d:\vistuastudioproject\opengl\x64\debug\31hdr.obj
d:\vistuastudioproject\opengl\x64\debug\33deferred_shading_volumes.obj
d:\vistuastudioproject\opengl\x64\debug\34ssao.obj
d:\vistuastudioproject\opengl\x64\debug\35lighting_textured.obj
d:\vistuastudioproject\opengl\x64\debug\35lighting.obj
d:\vistuastudioproject\opengl\x64\debug\36ibl_irradiance.obj
d:\vistuastudioproject\opengl\x64\debug\37ibl_specular_textured.obj
d:\vistuastudioproject\opengl\x64\debug\39text_rendering.obj
d:\vistuastudioproject\opengl\x64\debug\opengl.ilk
d:\vistuastudioproject\opengl\x64\debug\opengl.exe
d:\vistuastudioproject\opengl\x64\debug\opengl.pdb
d:\vistuastudioproject\opengl\x64\debug\opengl.tlog\cl.command.1.tlog
d:\vistuastudioproject\opengl\x64\debug\opengl.tlog\cl.read.1.tlog
d:\vistuastudioproject\opengl\x64\debug\opengl.tlog\cl.write.1.tlog
d:\vistuastudioproject\opengl\x64\debug\opengl.tlog\link-cvtres.read.1.tlog
d:\vistuastudioproject\opengl\x64\debug\opengl.tlog\link-cvtres.write.1.tlog
d:\vistuastudioproject\opengl\x64\debug\opengl.tlog\link-rc.read.1.tlog
d:\vistuastudioproject\opengl\x64\debug\opengl.tlog\link-rc.write.1.tlog
d:\vistuastudioproject\opengl\x64\debug\opengl.tlog\link.20388-cvtres.read.1.tlog
d:\vistuastudioproject\opengl\x64\debug\opengl.tlog\link.20388-cvtres.write.1.tlog
d:\vistuastudioproject\opengl\x64\debug\opengl.tlog\link.20388-rc.read.1.tlog
d:\vistuastudioproject\opengl\x64\debug\opengl.tlog\link.20388-rc.write.1.tlog
d:\vistuastudioproject\opengl\x64\debug\opengl.tlog\link.20388.read.1.tlog
d:\vistuastudioproject\opengl\x64\debug\opengl.tlog\link.20388.write.1.tlog
d:\vistuastudioproject\opengl\x64\debug\opengl.tlog\link.command.1.tlog
d:\vistuastudioproject\opengl\x64\debug\opengl.tlog\link.read.1.tlog
d:\vistuastudioproject\opengl\x64\debug\opengl.tlog\link.write.1.tlog
